Arguments: 
  /usr/bin/node /usr/share/yarn/bin/yarn.js add bycrypt

PATH: 
  /home/vash/.vscode-server/bin/f30a9b73e8ffc278e71575118b6bf568f04587c8/bin:/usr/local/sbin:/usr/local/bin:/usr/sbin:/usr/bin:/sbin:/bin:/usr/games:/usr/local/games:/mnt/c/Program Files/MySQL/MySQL Server 8.0/bin:/mnt/c/Program Files (x86)/Common Files/Oracle/Java/javapath:/mnt/c/oraclexe/app/oracle/product/10.2.0/server/bin:/mnt/c/windows/system32:/mnt/c/windows:/mnt/c/windows/System32/Wbem:/mnt/c/windows/System32/WindowsPowerShell/v1.0/:/mnt/c/windows/System32/OpenSSH/:/mnt/c/Program Files/Java/jdk1.8.0_261/bin:/mnt/c/GnuWin32/bin:/mnt/c/php:/mnt/c/ProgramData/ComposerSetup/bin:/mnt/c/Program Files/MySQL/MySQL Shell 8.0/bin/:/mnt/c/Users/HP/AppData/Local/Microsoft/WindowsApps:/mnt/c/Program Files/Java/jdk1.8.0_261/bin:/mnt/c/Program Files/Java/jre1.8.0_261/bin:/mnt/c/Flex Windows/gcc/bin:/mnt/c/Flex Windows/Lex/bin:/mnt/c/Flex Windows/bison/bin:/mnt/c/Users/HP/AppData/Local/Programs/Microsoft VS Code/bin:/mnt/c/Users/HP/AppData/Roaming/Composer/vendor/bin:/snap/bin

Yarn version: 
  1.22.5

Node version: 
  10.23.1

Platform: 
  linux x64

Trace: 
  Error: https://registry.yarnpkg.com/bycrypt: Not found
      at Request.params.callback [as _callback] (/usr/share/yarn/lib/cli.js:66988:18)
      at Request.self.callback (/usr/share/yarn/lib/cli.js:140749:22)
      at Request.emit (events.js:198:13)
      at Request.<anonymous> (/usr/share/yarn/lib/cli.js:141721:10)
      at Request.emit (events.js:198:13)
      at IncomingMessage.<anonymous> (/usr/share/yarn/lib/cli.js:141643:12)
      at Object.onceWrapper (events.js:286:20)
      at IncomingMessage.emit (events.js:203:15)
      at endReadableNT (_stream_readable.js:1145:12)
      at process._tickCallback (internal/process/next_tick.js:63:19)

npm manifest: 
  {
    "name": "server",
    "version": "1.0.0",
    "description": "Sign Up ",
    "main": "server.js",
    "scripts": {
      "start": "nodemon server .js"
    },
    "author": "vash",
    "license": "ISC",
    "dependencies": {
      "cors": "^2.8.5",
      "dotenv": "^8.2.0",
      "express": "^4.17.1",
      "mongoose": "^5.11.18",
      "nodemon": "^2.0.7"
    }
  }

yarn manifest: 
  No manifest

Lockfile: 
  No lockfile
